<?xml version="1.0" encoding="utf-8"?><testsuites name="pytest tests"><testsuite name="pytest" errors="0" failures="2" skipped="0" tests="33" time="7.012" timestamp="2026-09-02T08:15:33.240888+00:00" hostname="agent-env-6e7950e8-4747-47be-a2ac-b01d5e7f746c"><testcase classname="tests.backend_test.TestAuthNoLockout" name="test_ten_wrong_passwords_all_401" time="3.121" /><testcase classname="tests.backend_test.TestDualCommodityTrip" name="test_commodity_type_dual" time="0.209" /><testcase classname="tests.backend_test.TestDualCommodityTrip" name="test_total_revenue" time="0.000" /><testcase classname="tests.backend_test.TestDualCommodityTrip" name="test_transport_cost" time="0.000" /><testcase classname="tests.backend_test.TestDualCommodityTrip" name="test_unloading_cost" time="0.000" /><testcase classname="tests.backend_test.TestDualCommodityTrip" name="test_weights_and_deductions" time="0.000" /><testcase classname="tests.backend_test.TestDualCommodityTrip" name="test_net_margin_consistency" time="0.000" /><testcase classname="tests.backend_test.TestDualCommodityTrip" name="test_cogs_uses_wac" time="0.000" /><testcase classname="tests.backend_test.TestDualCommodityTrip" name="test_persisted_in_list" time="0.333" /><testcase classname="tests.backend_test.TestDelete" name="test_delete_purchase" time="0.557" /><testcase classname="tests.backend_test.TestDelete" name="test_delete_trip" time="0.865" /><testcase classname="tests.backend_test.TestDelete" name="test_delete_expense" time="0.630" /><testcase classname="tests.backend_test.TestDelete" name="test_delete_nonexistent_returns_ok_or_404" time="0.229" /><testcase classname="tests.backend_test.TestBackdatedEntries" name="test_backdated_purchase" time="0.864" /><testcase classname="tests.backend_test.TestAuthNoLockout" name="test_correct_login_after_failures" time="0.289" /><testcase classname="tests.backend_test.TestAuthNoLockout" name="test_auth_me_with_token" time="0.425" /><testcase classname="tests.backend_test.TestBackdatedEntries" name="test_backdated_trip" time="0.127" /><testcase classname="tests.backend_test.TestBackdatedEntries" name="test_backdated_expense" time="0.222" /><testcase classname="tests.backend_test.TestAuthNoLockout" name="test_auth_me_unauthenticated" time="0.173" /><testcase classname="tests.backend_test.TestAuthNoLockout" name="test_cors_allows_credentials" time="0.379" /><testcase classname="tests.backend_test.TestFarmersAndSync" name="test_list_farmers" time="0.060" /><testcase classname="tests.backend_test.TestFarmersAndSync" name="test_create_farmer_idempotent" time="0.344" /><testcase classname="tests.backend_test.TestValidation" name="test_purchase_missing_required_fields_422" time="0.065" /><testcase classname="tests.backend_test.TestFarmersAndSync" name="test_batch_sync" time="0.229" /><testcase classname="tests.backend_test.TestValidation" name="test_expense_missing_amount_422" time="0.110" /><testcase classname="tests.backend_test.TestValidation" name="test_negative_weight_purchase" time="0.172"><failure message="AssertionError: Negative weight accepted with 200&#10;assert 200 in (400, 422)&#10; +  where 200 = &lt;Response [200]&gt;.status_code">E   AssertionError: Negative weight accepted with 200
    assert 200 in (400, 422)
     +  where 200 = &lt;Response [200]&gt;.status_code</failure></testcase><testcase classname="tests.backend_test.TestEditPurchase" name="test_edit_purchase_updates_values" time="0.321" /><testcase classname="tests.backend_test.TestEditTrip" name="test_edit_trip_upserts_not_duplicates" time="0.328" /><testcase classname="tests.backend_test.TestEditPurchase" name="test_edit_nonexistent_purchase_404" time="0.060" /><testcase classname="tests.backend_test.TestSettings" name="test_default_unloading_rates" time="0.060" /><testcase classname="tests.backend_test.TestEditTrip" name="test_edit_trip_without_local_id_in_body" time="0.642"><failure message="AssertionError: PUT without body local_id created an extra trip document&#10;assert 4 == 3&#10; +  where 4 = len([{'local_id': 'TRIP-93A0691C0A', 'trip_date': '2026-09-02T08:15:39.283718+00:00', 'loading_name': 'Loading RAM Makekal', 'nota_number': 'NOTA-691C0A', ...}, {'local_id': 'TRIP-EDITNL-FBFE04', 'trip_date': '2026-09-02T08:15:38.933345+00:00', 'loading_name': 'Loading RAM Makekal', 'nota_number': 'NOTA-FBFE04', ...}, {'local_id': 'TRIP-DEMO002', 'trip_date': '2026-09-02T01:53:42.591555+00:00', 'loading_name': 'RAM Utama Mandiri', 'nota_number': 'NOTA-RAM-904', ...}, {'local_id': 'TRIP-DEMO001', 'trip_date': '2026-09-01T07:53:42.591555+00:00', 'loading_name': 'RAM Sawit Sejahtera', 'nota_number': 'NOTA-RAM-881', ...}])">E   AssertionError: PUT without body local_id created an extra trip document
    assert 4 == 3
     +  where 4 = len([{'local_id': 'TRIP-93A0691C0A', 'trip_date': '2026-09-02T08:15:39.283718+00:00', 'loading_name': 'Loading RAM Makekal', 'nota_number': 'NOTA-691C0A', ...}, {'local_id': 'TRIP-EDITNL-FBFE04', 'trip_date': '2026-09-02T08:15:38.933345+00:00', 'loading_name': 'Loading RAM Makekal', 'nota_number': 'NOTA-FBFE04', ...}, {'local_id': 'TRIP-DEMO002', 'trip_date': '2026-09-02T01:53:42.591555+00:00', 'loading_name': 'RAM Utama Mandiri', 'nota_number': 'NOTA-RAM-904', ...}, {'local_id': 'TRIP-DEMO001', 'trip_date': '2026-09-01T07:53:42.591555+00:00', 'loading_name': 'RAM Sawit Sejahtera', 'nota_number': 'NOTA-RAM-881', ...}])</failure></testcase><testcase classname="tests.backend_test.TestDashboard" name="test_stats_structure" time="0.467" /><testcase classname="tests.backend_test.TestStockPoolWAC" name="test_wac_and_pending_computation" time="0.607" /></testsuite></testsuites>