<?xml version="1.0" encoding="utf-8"?><testsuites name="pytest tests"><testsuite name="pytest" errors="0" failures="0" skipped="0" tests="3" time="1.267" timestamp="2026-09-01T03:41:26.832187+00:00" hostname="agent-env-6e7950e8-4747-47be-a2ac-b01d5e7f746c"><testcase classname="tests.backend_test" name="test_auth_and_core_persistence" time="0.403" /><testcase classname="tests.backend_test" name="test_trip_calculation_and_anomaly" time="0.271" /><testcase classname="tests.backend_test" name="test_demo_dashboard_and_sync" time="0.098" /></testsuite></testsuites>